
*** Running vivado
    with args -log H5.vdi -applog -m64 -product Vivado -messageDb vivado.pb -mode batch -source H5.tcl -notrace


****** Vivado v2017.4 (64-bit)
  **** SW Build 2086221 on Fri Dec 15 20:55:39 MST 2017
  **** IP Build 2085800 on Fri Dec 15 22:25:07 MST 2017
    ** Copyright 1986-2017 Xilinx, Inc. All Rights Reserved.

source H5.tcl -notrace
Command: link_design -top H5 -part xc7vx485tffg1761-2
Design is defaulting to srcset: sources_1
Design is defaulting to constrset: constrs_1
INFO: [Netlist 29-17] Analyzing 1038 Unisim elements for replacement
INFO: [Netlist 29-28] Unisim Transformation completed in 1 CPU seconds
INFO: [Project 1-479] Netlist was created with Vivado 2017.4
INFO: [Device 21-403] Loading part xc7vx485tffg1761-2
INFO: [Project 1-570] Preparing netlist for logic optimization
Parsing XDC File [C:/Users/Sanaullah/Documents/GitHub/Verilog/Project/H5/H5.srcs/constrs_1/imports/new/Constraint.xdc]
Finished Parsing XDC File [C:/Users/Sanaullah/Documents/GitHub/Verilog/Project/H5/H5.srcs/constrs_1/imports/new/Constraint.xdc]
INFO: [Opt 31-138] Pushed 0 inverter(s) to 0 load pin(s).
INFO: [Project 1-111] Unisim Transformation Summary:
  A total of 888 instances were transformed.
  LUT6_2 => LUT6_2 (LUT5, LUT6): 888 instances

7 Infos, 0 Warnings, 0 Critical Warnings and 0 Errors encountered.
link_design completed successfully
link_design: Time (s): cpu = 00:00:18 ; elapsed = 00:00:19 . Memory (MB): peak = 789.004 ; gain = 505.055
Command: opt_design
Attempting to get a license for feature 'Implementation' and/or device 'xc7vx485t'
INFO: [Common 17-349] Got license for feature 'Implementation' and/or device 'xc7vx485t'
Running DRC as a precondition to command opt_design

Starting DRC Task
INFO: [DRC 23-27] Running DRC with 2 threads
INFO: [Project 1-461] DRC finished with 0 Errors
INFO: [Project 1-462] Please refer to the DRC report (report_drc) for more information.

Time (s): cpu = 00:00:02 ; elapsed = 00:00:00.720 . Memory (MB): peak = 798.434 ; gain = 8.879
INFO: [Timing 38-35] Done setting XDC timing constraints.

Starting Logic Optimization Task

Phase 1 Retarget
INFO: [Opt 31-138] Pushed 0 inverter(s) to 0 load pin(s).
INFO: [Opt 31-49] Retargeted 0 cell(s).
Phase 1 Retarget | Checksum: 120ec6866

Time (s): cpu = 00:00:01 ; elapsed = 00:00:00.608 . Memory (MB): peak = 1470.648 ; gain = 0.000
INFO: [Opt 31-389] Phase Retarget created 304 cells and removed 304 cells

Phase 2 Constant propagation
INFO: [Opt 31-138] Pushed 0 inverter(s) to 0 load pin(s).
Phase 2 Constant propagation | Checksum: 1064baf17

Time (s): cpu = 00:00:01 ; elapsed = 00:00:01 . Memory (MB): peak = 1470.648 ; gain = 0.000
INFO: [Opt 31-389] Phase Constant propagation created 178 cells and removed 622 cells

Phase 3 Sweep
Phase 3 Sweep | Checksum: 1320a7dbb

Time (s): cpu = 00:00:01 ; elapsed = 00:00:01 . Memory (MB): peak = 1470.648 ; gain = 0.000
INFO: [Opt 31-389] Phase Sweep created 0 cells and removed 2 cells

Phase 4 BUFG optimization
Phase 4 BUFG optimization | Checksum: 1320a7dbb

Time (s): cpu = 00:00:01 ; elapsed = 00:00:01 . Memory (MB): peak = 1470.648 ; gain = 0.000
INFO: [Opt 31-389] Phase BUFG optimization created 0 cells and removed 0 cells

Phase 5 Shift Register Optimization
Phase 5 Shift Register Optimization | Checksum: 1320a7dbb

Time (s): cpu = 00:00:01 ; elapsed = 00:00:01 . Memory (MB): peak = 1470.648 ; gain = 0.000
INFO: [Opt 31-389] Phase Shift Register Optimization created 0 cells and removed 0 cells

Starting Connectivity Check Task

Time (s): cpu = 00:00:00 ; elapsed = 00:00:00.005 . Memory (MB): peak = 1470.648 ; gain = 0.000
Ending Logic Optimization Task | Checksum: 1320a7dbb

Time (s): cpu = 00:00:01 ; elapsed = 00:00:01 . Memory (MB): peak = 1470.648 ; gain = 0.000

Starting Power Optimization Task
INFO: [Pwropt 34-132] Skipping clock gating for clocks with a period < 2.00 ns.
Ending Power Optimization Task | Checksum: 3cdbadf1

Time (s): cpu = 00:00:00 ; elapsed = 00:00:00.028 . Memory (MB): peak = 1470.648 ; gain = 0.000
INFO: [Common 17-83] Releasing license: Implementation
22 Infos, 0 Warnings, 0 Critical Warnings and 0 Errors encountered.
opt_design completed successfully
opt_design: Time (s): cpu = 00:00:20 ; elapsed = 00:00:19 . Memory (MB): peak = 1470.648 ; gain = 681.645
INFO: [Common 17-1381] The checkpoint 'C:/Users/Sanaullah/Documents/GitHub/Verilog/Project/H5/H5.runs/impl_1/H5_opt.dcp' has been generated.
INFO: [runtcl-4] Executing : report_drc -file H5_drc_opted.rpt -pb H5_drc_opted.pb -rpx H5_drc_opted.rpx
Command: report_drc -file H5_drc_opted.rpt -pb H5_drc_opted.pb -rpx H5_drc_opted.rpx
INFO: [IP_Flow 19-234] Refreshing IP repositories
INFO: [IP_Flow 19-1704] No user IP repositories specified
INFO: [IP_Flow 19-2313] Loaded Vivado IP repository 'C:/Xilinx/Vivado/2017.4/data/ip'.
INFO: [DRC 23-27] Running DRC with 2 threads
INFO: [Coretcl 2-168] The results of DRC are in file C:/Users/Sanaullah/Documents/GitHub/Verilog/Project/H5/H5.runs/impl_1/H5_drc_opted.rpt.
report_drc completed successfully
INFO: [Chipscope 16-241] No debug cores found in the current design.
Before running the implement_debug_core command, either use the Set Up Debug wizard (GUI mode)
or use the create_debug_core and connect_debug_core Tcl commands to insert debug cores into the design.
Command: place_design
Attempting to get a license for feature 'Implementation' and/or device 'xc7vx485t'
INFO: [Common 17-349] Got license for feature 'Implementation' and/or device 'xc7vx485t'
INFO: [DRC 23-27] Running DRC with 2 threads
INFO: [Vivado_Tcl 4-198] DRC finished with 0 Errors
INFO: [Vivado_Tcl 4-199] Please refer to the DRC report (report_drc) for more information.
Running DRC as a precondition to command place_design
INFO: [DRC 23-27] Running DRC with 2 threads
INFO: [Vivado_Tcl 4-198] DRC finished with 0 Errors
INFO: [Vivado_Tcl 4-199] Please refer to the DRC report (report_drc) for more information.

Starting Placer Task
INFO: [Place 30-611] Multithreading enabled for place_design using a maximum of 2 CPUs

Phase 1 Placer Initialization

Phase 1.1 Placer Initialization Netlist Sorting
Netlist sorting complete. Time (s): cpu = 00:00:00 ; elapsed = 00:00:00.004 . Memory (MB): peak = 1470.648 ; gain = 0.000
Phase 1.1 Placer Initialization Netlist Sorting | Checksum: 2f2951c5

Time (s): cpu = 00:00:00 ; elapsed = 00:00:00.028 . Memory (MB): peak = 1470.648 ; gain = 0.000
INFO: [Timing 38-35] Done setting XDC timing constraints.
INFO: [Opt 31-138] Pushed 0 inverter(s) to 0 load pin(s).
Netlist sorting complete. Time (s): cpu = 00:00:00 ; elapsed = 00:00:00.004 . Memory (MB): peak = 1470.648 ; gain = 0.000

Phase 1.2 IO Placement/ Clock Placement/ Build Placer Device
INFO: [Timing 38-35] Done setting XDC timing constraints.
Phase 1.2 IO Placement/ Clock Placement/ Build Placer Device | Checksum: 11018aa32

Time (s): cpu = 00:00:15 ; elapsed = 00:00:12 . Memory (MB): peak = 1473.984 ; gain = 3.336

Phase 1.3 Build Placer Netlist Model
Phase 1.3 Build Placer Netlist Model | Checksum: 15b554f54

Time (s): cpu = 00:00:17 ; elapsed = 00:00:13 . Memory (MB): peak = 1474.277 ; gain = 3.629

Phase 1.4 Constrain Clocks/Macros
Phase 1.4 Constrain Clocks/Macros | Checksum: 15b554f54

Time (s): cpu = 00:00:17 ; elapsed = 00:00:13 . Memory (MB): peak = 1474.277 ; gain = 3.629
Phase 1 Placer Initialization | Checksum: 15b554f54

Time (s): cpu = 00:00:17 ; elapsed = 00:00:13 . Memory (MB): peak = 1474.277 ; gain = 3.629

Phase 2 Global Placement
Phase 2 Global Placement | Checksum: 1623716e1

Time (s): cpu = 00:00:24 ; elapsed = 00:00:17 . Memory (MB): peak = 1474.277 ; gain = 3.629

Phase 3 Detail Placement

Phase 3.1 Commit Multi Column Macros
Phase 3.1 Commit Multi Column Macros | Checksum: 1623716e1

Time (s): cpu = 00:00:24 ; elapsed = 00:00:17 . Memory (MB): peak = 1474.277 ; gain = 3.629

Phase 3.2 Commit Most Macros & LUTRAMs
Phase 3.2 Commit Most Macros & LUTRAMs | Checksum: 11554c28e

Time (s): cpu = 00:00:25 ; elapsed = 00:00:18 . Memory (MB): peak = 1474.277 ; gain = 3.629

Phase 3.3 Area Swap Optimization
Phase 3.3 Area Swap Optimization | Checksum: f4aad202

Time (s): cpu = 00:00:25 ; elapsed = 00:00:18 . Memory (MB): peak = 1474.277 ; gain = 3.629

Phase 3.4 Pipeline Register Optimization
Phase 3.4 Pipeline Register Optimization | Checksum: f4aad202

Time (s): cpu = 00:00:25 ; elapsed = 00:00:18 . Memory (MB): peak = 1474.277 ; gain = 3.629

Phase 3.5 Timing Path Optimizer
Phase 3.5 Timing Path Optimizer | Checksum: f4aad202

Time (s): cpu = 00:00:25 ; elapsed = 00:00:18 . Memory (MB): peak = 1474.277 ; gain = 3.629

Phase 3.6 Fast Optimization
Phase 3.6 Fast Optimization | Checksum: f0dc620c

Time (s): cpu = 00:00:25 ; elapsed = 00:00:18 . Memory (MB): peak = 1474.277 ; gain = 3.629

Phase 3.7 Small Shape Detail Placement
Phase 3.7 Small Shape Detail Placement | Checksum: fb764807

Time (s): cpu = 00:00:27 ; elapsed = 00:00:20 . Memory (MB): peak = 1489.367 ; gain = 18.719

Phase 3.8 Re-assign LUT pins
Phase 3.8 Re-assign LUT pins | Checksum: c1561801

Time (s): cpu = 00:00:27 ; elapsed = 00:00:20 . Memory (MB): peak = 1489.367 ; gain = 18.719

Phase 3.9 Pipeline Register Optimization
Phase 3.9 Pipeline Register Optimization | Checksum: c1561801

Time (s): cpu = 00:00:27 ; elapsed = 00:00:20 . Memory (MB): peak = 1489.367 ; gain = 18.719

Phase 3.10 Fast Optimization
Phase 3.10 Fast Optimization | Checksum: 12288847a

Time (s): cpu = 00:00:28 ; elapsed = 00:00:21 . Memory (MB): peak = 1489.367 ; gain = 18.719
Phase 3 Detail Placement | Checksum: 12288847a

Time (s): cpu = 00:00:28 ; elapsed = 00:00:21 . Memory (MB): peak = 1489.367 ; gain = 18.719

Phase 4 Post Placement Optimization and Clean-Up

Phase 4.1 Post Commit Optimization
INFO: [Timing 38-35] Done setting XDC timing constraints.

Phase 4.1.1 Post Placement Optimization
Post Placement Optimization Initialization | Checksum: 134354e78

Phase 4.1.1.1 BUFG Insertion
INFO: [Physopt 32-721] Multithreading enabled for phys_opt_design using a maximum of 2 CPUs
INFO: [Place 46-31] BUFG insertion identified 0 candidate nets, 0 success, 0 skipped for placement/routing, 0 skipped for timing, 0 skipped for netlist change reason.
Phase 4.1.1.1 BUFG Insertion | Checksum: 134354e78

Time (s): cpu = 00:00:30 ; elapsed = 00:00:23 . Memory (MB): peak = 1550.715 ; gain = 80.066
INFO: [Place 30-746] Post Placement Timing Summary WNS=0.127. For the most accurate timing information please run report_timing.
Phase 4.1.1 Post Placement Optimization | Checksum: 77b9e5b7

Time (s): cpu = 00:00:37 ; elapsed = 00:00:31 . Memory (MB): peak = 1550.715 ; gain = 80.066
Phase 4.1 Post Commit Optimization | Checksum: 77b9e5b7

Time (s): cpu = 00:00:37 ; elapsed = 00:00:31 . Memory (MB): peak = 1550.715 ; gain = 80.066

Phase 4.2 Post Placement Cleanup
Phase 4.2 Post Placement Cleanup | Checksum: 77b9e5b7

Time (s): cpu = 00:00:38 ; elapsed = 00:00:31 . Memory (MB): peak = 1550.715 ; gain = 80.066

Phase 4.3 Placer Reporting
Phase 4.3 Placer Reporting | Checksum: 77b9e5b7

Time (s): cpu = 00:00:38 ; elapsed = 00:00:31 . Memory (MB): peak = 1550.715 ; gain = 80.066

Phase 4.4 Final Placement Cleanup
Phase 4.4 Final Placement Cleanup | Checksum: 77b9e5b7

Time (s): cpu = 00:00:38 ; elapsed = 00:00:31 . Memory (MB): peak = 1550.715 ; gain = 80.066
Phase 4 Post Placement Optimization and Clean-Up | Checksum: 77b9e5b7

Time (s): cpu = 00:00:38 ; elapsed = 00:00:31 . Memory (MB): peak = 1550.715 ; gain = 80.066
Ending Placer Task | Checksum: 5fb3afa2

Time (s): cpu = 00:00:38 ; elapsed = 00:00:31 . Memory (MB): peak = 1550.715 ; gain = 80.066
INFO: [Common 17-83] Releasing license: Implementation
46 Infos, 0 Warnings, 0 Critical Warnings and 0 Errors encountered.
place_design completed successfully
place_design: Time (s): cpu = 00:00:41 ; elapsed = 00:00:32 . Memory (MB): peak = 1550.715 ; gain = 80.066
Writing placer database...
Writing XDEF routing.
Writing XDEF routing logical nets.
Writing XDEF routing special nets.
Write XDEF Complete: Time (s): cpu = 00:00:00 ; elapsed = 00:00:00.258 . Memory (MB): peak = 1550.715 ; gain = 0.000
INFO: [Common 17-1381] The checkpoint 'C:/Users/Sanaullah/Documents/GitHub/Verilog/Project/H5/H5.runs/impl_1/H5_placed.dcp' has been generated.
INFO: [runtcl-4] Executing : report_io -file H5_io_placed.rpt
report_io: Time (s): cpu = 00:00:01 ; elapsed = 00:00:00.251 . Memory (MB): peak = 1550.715 ; gain = 0.000
INFO: [runtcl-4] Executing : report_utilization -file H5_utilization_placed.rpt -pb H5_utilization_placed.pb
report_utilization: Time (s): cpu = 00:00:00 ; elapsed = 00:00:00.613 . Memory (MB): peak = 1550.715 ; gain = 0.000
INFO: [runtcl-4] Executing : report_control_sets -verbose -file H5_control_sets_placed.rpt
report_control_sets: Time (s): cpu = 00:00:00 ; elapsed = 00:00:00.007 . Memory (MB): peak = 1550.715 ; gain = 0.000
Command: route_design
Attempting to get a license for feature 'Implementation' and/or device 'xc7vx485t'
INFO: [Common 17-349] Got license for feature 'Implementation' and/or device 'xc7vx485t'
Running DRC as a precondition to command route_design
INFO: [DRC 23-27] Running DRC with 2 threads
INFO: [Vivado_Tcl 4-198] DRC finished with 0 Errors
INFO: [Vivado_Tcl 4-199] Please refer to the DRC report (report_drc) for more information.


Starting Routing Task
INFO: [Route 35-254] Multithreading enabled for route_design using a maximum of 2 CPUs
Checksum: PlaceDB: 2ffba398 ConstDB: 0 ShapeSum: 2fb80c0a RouteDB: 0

Phase 1 Build RT Design
Phase 1 Build RT Design | Checksum: 1010e2f45

Time (s): cpu = 00:01:34 ; elapsed = 00:01:09 . Memory (MB): peak = 1936.988 ; gain = 375.613
Post Restoration Checksum: NetGraph: 1f8d2fae NumContArr: e180ff97 Constraints: 0 Timing: 0

Phase 2 Router Initialization

Phase 2.1 Create Timer
Phase 2.1 Create Timer | Checksum: 1010e2f45

Time (s): cpu = 00:01:35 ; elapsed = 00:01:10 . Memory (MB): peak = 1936.988 ; gain = 375.613

Phase 2.2 Fix Topology Constraints
Phase 2.2 Fix Topology Constraints | Checksum: 1010e2f45

Time (s): cpu = 00:01:35 ; elapsed = 00:01:10 . Memory (MB): peak = 1936.988 ; gain = 375.613

Phase 2.3 Pre Route Cleanup
Phase 2.3 Pre Route Cleanup | Checksum: 1010e2f45

Time (s): cpu = 00:01:35 ; elapsed = 00:01:10 . Memory (MB): peak = 1936.988 ; gain = 375.613
 Number of Nodes with overlaps = 0

Phase 2.4 Update Timing
Phase 2.4 Update Timing | Checksum: 13159defe

Time (s): cpu = 00:01:37 ; elapsed = 00:01:11 . Memory (MB): peak = 2036.809 ; gain = 475.434
INFO: [Route 35-416] Intermediate Timing Summary | WNS=0.253  | TNS=0.000  | WHS=-0.134 | THS=-3.962 |

Phase 2 Router Initialization | Checksum: 15848a66c

Time (s): cpu = 00:01:37 ; elapsed = 00:01:11 . Memory (MB): peak = 2036.809 ; gain = 475.434

Phase 3 Initial Routing
Phase 3 Initial Routing | Checksum: 23abc2aeb

Time (s): cpu = 00:01:39 ; elapsed = 00:01:12 . Memory (MB): peak = 2036.809 ; gain = 475.434

Phase 4 Rip-up And Reroute

Phase 4.1 Global Iteration 0
 Number of Nodes with overlaps = 103
 Number of Nodes with overlaps = 13
 Number of Nodes with overlaps = 1
 Number of Nodes with overlaps = 0
INFO: [Route 35-416] Intermediate Timing Summary | WNS=0.210  | TNS=0.000  | WHS=N/A    | THS=N/A    |

Phase 4.1 Global Iteration 0 | Checksum: 246562621

Time (s): cpu = 00:01:40 ; elapsed = 00:01:13 . Memory (MB): peak = 2036.809 ; gain = 475.434
Phase 4 Rip-up And Reroute | Checksum: 246562621

Time (s): cpu = 00:01:40 ; elapsed = 00:01:13 . Memory (MB): peak = 2036.809 ; gain = 475.434

Phase 5 Delay and Skew Optimization

Phase 5.1 Delay CleanUp
Phase 5.1 Delay CleanUp | Checksum: 246562621

Time (s): cpu = 00:01:40 ; elapsed = 00:01:13 . Memory (MB): peak = 2036.809 ; gain = 475.434

Phase 5.2 Clock Skew Optimization
Phase 5.2 Clock Skew Optimization | Checksum: 246562621

Time (s): cpu = 00:01:40 ; elapsed = 00:01:13 . Memory (MB): peak = 2036.809 ; gain = 475.434
Phase 5 Delay and Skew Optimization | Checksum: 246562621

Time (s): cpu = 00:01:40 ; elapsed = 00:01:13 . Memory (MB): peak = 2036.809 ; gain = 475.434

Phase 6 Post Hold Fix

Phase 6.1 Hold Fix Iter

Phase 6.1.1 Update Timing
Phase 6.1.1 Update Timing | Checksum: 22723c4c5

Time (s): cpu = 00:01:40 ; elapsed = 00:01:13 . Memory (MB): peak = 2036.809 ; gain = 475.434
INFO: [Route 35-416] Intermediate Timing Summary | WNS=0.311  | TNS=0.000  | WHS=0.136  | THS=0.000  |

Phase 6.1 Hold Fix Iter | Checksum: 22723c4c5

Time (s): cpu = 00:01:40 ; elapsed = 00:01:13 . Memory (MB): peak = 2036.809 ; gain = 475.434
Phase 6 Post Hold Fix | Checksum: 22723c4c5

Time (s): cpu = 00:01:40 ; elapsed = 00:01:13 . Memory (MB): peak = 2036.809 ; gain = 475.434

Phase 7 Route finalize

Router Utilization Summary
  Global Vertical Routing Utilization    = 0.029801 %
  Global Horizontal Routing Utilization  = 0.0370832 %
  Routable Net Status*
  *Does not include unroutable nets such as driverless and loadless.
  Run report_route_status for detailed report.
  Number of Failed Nets               = 0
  Number of Unrouted Nets             = 0
  Number of Partially Routed Nets     = 0
  Number of Node Overlaps             = 0

Phase 7 Route finalize | Checksum: 22593c723

Time (s): cpu = 00:01:40 ; elapsed = 00:01:13 . Memory (MB): peak = 2036.809 ; gain = 475.434

Phase 8 Verifying routed nets

 Verification completed successfully
Phase 8 Verifying routed nets | Checksum: 22593c723

Time (s): cpu = 00:01:40 ; elapsed = 00:01:13 . Memory (MB): peak = 2036.809 ; gain = 475.434

Phase 9 Depositing Routes
Phase 9 Depositing Routes | Checksum: 1d153846b

Time (s): cpu = 00:01:40 ; elapsed = 00:01:13 . Memory (MB): peak = 2036.809 ; gain = 475.434

Phase 10 Post Router Timing
INFO: [Route 35-57] Estimated Timing Summary | WNS=0.311  | TNS=0.000  | WHS=0.136  | THS=0.000  |

INFO: [Route 35-327] The final timing numbers are based on the router estimated timing analysis. For a complete and accurate timing signoff, please run report_timing_summary.
Phase 10 Post Router Timing | Checksum: 1d153846b

Time (s): cpu = 00:01:40 ; elapsed = 00:01:13 . Memory (MB): peak = 2036.809 ; gain = 475.434
INFO: [Route 35-16] Router Completed Successfully

Time (s): cpu = 00:01:41 ; elapsed = 00:01:13 . Memory (MB): peak = 2036.809 ; gain = 475.434

Routing Is Done.
INFO: [Common 17-83] Releasing license: Implementation
62 Infos, 0 Warnings, 0 Critical Warnings and 0 Errors encountered.
route_design completed successfully
route_design: Time (s): cpu = 00:01:44 ; elapsed = 00:01:15 . Memory (MB): peak = 2036.809 ; gain = 486.094
Writing placer database...
Writing XDEF routing.
Writing XDEF routing logical nets.
Writing XDEF routing special nets.
Write XDEF Complete: Time (s): cpu = 00:00:00 ; elapsed = 00:00:00.288 . Memory (MB): peak = 2036.809 ; gain = 0.000
INFO: [Common 17-1381] The checkpoint 'C:/Users/Sanaullah/Documents/GitHub/Verilog/Project/H5/H5.runs/impl_1/H5_routed.dcp' has been generated.
INFO: [runtcl-4] Executing : report_drc -file H5_drc_routed.rpt -pb H5_drc_routed.pb -rpx H5_drc_routed.rpx
Command: report_drc -file H5_drc_routed.rpt -pb H5_drc_routed.pb -rpx H5_drc_routed.rpx
INFO: [IP_Flow 19-1839] IP Catalog is up to date.
INFO: [DRC 23-27] Running DRC with 2 threads
INFO: [Coretcl 2-168] The results of DRC are in file C:/Users/Sanaullah/Documents/GitHub/Verilog/Project/H5/H5.runs/impl_1/H5_drc_routed.rpt.
report_drc completed successfully
INFO: [runtcl-4] Executing : report_methodology -file H5_methodology_drc_routed.rpt -pb H5_methodology_drc_routed.pb -rpx H5_methodology_drc_routed.rpx
Command: report_methodology -file H5_methodology_drc_routed.rpt -pb H5_methodology_drc_routed.pb -rpx H5_methodology_drc_routed.rpx
INFO: [Timing 38-35] Done setting XDC timing constraints.
INFO: [Timing 38-35] Done setting XDC timing constraints.
INFO: [DRC 23-133] Running Methodology with 2 threads
INFO: [Coretcl 2-1520] The results of Report Methodology are in file C:/Users/Sanaullah/Documents/GitHub/Verilog/Project/H5/H5.runs/impl_1/H5_methodology_drc_routed.rpt.
report_methodology completed successfully
INFO: [runtcl-4] Executing : report_power -file H5_power_routed.rpt -pb H5_power_summary_routed.pb -rpx H5_power_routed.rpx
Command: report_power -file H5_power_routed.rpt -pb H5_power_summary_routed.pb -rpx H5_power_routed.rpx
INFO: [Timing 38-35] Done setting XDC timing constraints.
Running Vector-less Activity Propagation...

Finished Running Vector-less Activity Propagation
74 Infos, 0 Warnings, 0 Critical Warnings and 0 Errors encountered.
report_power completed successfully
report_power: Time (s): cpu = 00:00:08 ; elapsed = 00:00:07 . Memory (MB): peak = 2036.809 ; gain = 0.000
INFO: [runtcl-4] Executing : report_route_status -file H5_route_status.rpt -pb H5_route_status.pb
INFO: [runtcl-4] Executing : report_timing_summary -max_paths 10 -file H5_timing_summary_routed.rpt -rpx H5_timing_summary_routed.rpx -warn_on_violation 
INFO: [Timing 38-91] UpdateTimingParams: Speed grade: -2, Delay Type: min_max.
INFO: [Timing 38-191] Multithreading enabled for timing update using a maximum of 2 CPUs
INFO: [runtcl-4] Executing : report_incremental_reuse -file H5_incremental_reuse_routed.rpt
INFO: [Vivado_Tcl 4-545] No incremental reuse to report, no incremental placement and routing data was found.
INFO: [runtcl-4] Executing : report_clock_utilization -file H5_clock_utilization_routed.rpt
report_clock_utilization: Time (s): cpu = 00:00:16 ; elapsed = 00:00:16 . Memory (MB): peak = 2036.809 ; gain = 0.000
INFO: [Common 17-206] Exiting Vivado at Wed Jan  8 20:25:48 2020...
