Copyright 1986-2017 Xilinx, Inc. All Rights Reserved.
-----------------------------------------------------------------------------------------------------------------------------------------------------
| Tool Version : Vivado v.2017.4 (win64) Build 2086221 Fri Dec 15 20:55:39 MST 2017
| Date         : Sat Sep 28 11:35:36 2019
| Host         : DESKTOP-1OTDMHV running 64-bit major release  (build 9200)
| Command      : report_methodology -file FA_HA_methodology_drc_routed.rpt -pb FA_HA_methodology_drc_routed.pb -rpx FA_HA_methodology_drc_routed.rpx
| Design       : FA_HA
| Device       : xc7a200tfbg676-2
| Speed File   : -2
| Design State : Routed
-----------------------------------------------------------------------------------------------------------------------------------------------------

Report Methodology

Table of Contents
-----------------
1. REPORT SUMMARY
2. REPORT DETAILS

1. REPORT SUMMARY
-----------------
            Netlist: netlist
          Floorplan: design_1
      Design limits: <entire design considered>
             Max violations: <unlimited>
             Violations found: 0
+------+----------+-------------+------------+
| Rule | Severity | Description | Violations |
+------+----------+-------------+------------+
+------+----------+-------------+------------+

2. REPORT DETAILS
-----------------

